0 info it worked if it ends with ok
1 verbose cli [ 'D:\\Program Files\\nodejs\\node.exe',
1 verbose cli   'D:\\Program Files\\nodejs\\node_modules\\npm\\bin\\npm-cli.js',
1 verbose cli   'run',
1 verbose cli   'node' ]
2 info using npm@3.10.9
3 info using node@v7.1.0
4 verbose run-script [ 'prenode', 'node', 'postnode' ]
5 info lifecycle untitled@0.0.0~prenode: untitled@0.0.0
6 silly lifecycle untitled@0.0.0~prenode: no script for prenode, continuing
7 info lifecycle untitled@0.0.0~node: untitled@0.0.0
8 verbose lifecycle untitled@0.0.0~node: unsafe-perm in lifecycle true
9 verbose lifecycle untitled@0.0.0~node: PATH: D:\Program Files\nodejs\node_modules\npm\bin\node-gyp-bin;F:\nodejs\chat\node_modules\.bin;C:\Windows\system32;C:\Windows;C:\Windows\System32\Wbem;C:\Windows\System32\WindowsPowerShell\v1.0\;C:\Program Files (x86)\NVIDIA Corporation\PhysX\Common;D:\Program Files\TortoiseSVN\bin;C:\WINDOWS\system32;C:\WINDOWS;C:\WINDOWS\System32\Wbem;C:\WINDOWS\System32\WindowsPowerShell\v1.0\;C:\Program Files\Intel\WiFi\bin\;C:\Program Files\Common Files\Intel\WirelessCommon\;D:\Program Files\nodejs\;C:\Users\junar\AppData\Local\Microsoft\WindowsApps;C:\Program Files\Intel\WiFi\bin\;C:\Program Files\Common Files\Intel\WirelessCommon\;C:\Users\junar\AppData\Roaming\npm
10 verbose lifecycle untitled@0.0.0~node: CWD: F:\nodejs\chat
11 silly lifecycle untitled@0.0.0~node: Args: [ '/d /s /c', 'hotnode ./bin/www' ]
12 silly lifecycle untitled@0.0.0~node: Returned: code: 3221225786  signal: null
13 info lifecycle untitled@0.0.0~node: Failed to exec node script
14 verbose stack Error: untitled@0.0.0 node: `hotnode ./bin/www`
14 verbose stack Exit status 3221225786
14 verbose stack     at EventEmitter.<anonymous> (D:\Program Files\nodejs\node_modules\npm\lib\utils\lifecycle.js:255:16)
14 verbose stack     at emitTwo (events.js:106:13)
14 verbose stack     at EventEmitter.emit (events.js:191:7)
14 verbose stack     at ChildProcess.<anonymous> (D:\Program Files\nodejs\node_modules\npm\lib\utils\spawn.js:40:14)
14 verbose stack     at emitTwo (events.js:106:13)
14 verbose stack     at ChildProcess.emit (events.js:191:7)
14 verbose stack     at maybeClose (internal/child_process.js:885:16)
14 verbose stack     at Process.ChildProcess._handle.onexit (internal/child_process.js:226:5)
15 verbose pkgid untitled@0.0.0
16 verbose cwd F:\nodejs\chat
17 error Windows_NT 10.0.14393
18 error argv "D:\\Program Files\\nodejs\\node.exe" "D:\\Program Files\\nodejs\\node_modules\\npm\\bin\\npm-cli.js" "run" "node"
19 error node v7.1.0
20 error npm  v3.10.9
21 error code ELIFECYCLE
22 error untitled@0.0.0 node: `hotnode ./bin/www`
22 error Exit status 3221225786
23 error Failed at the untitled@0.0.0 node script 'hotnode ./bin/www'.
23 error Make sure you have the latest version of node.js and npm installed.
23 error If you do, this is most likely a problem with the untitled package,
23 error not with npm itself.
23 error Tell the author that this fails on your system:
23 error     hotnode ./bin/www
23 error You can get information on how to open an issue for this project with:
23 error     npm bugs untitled
23 error Or if that isn't available, you can get their info via:
23 error     npm owner ls untitled
23 error There is likely additional logging output above.
24 verbose exit [ 1, true ]
